<?xml version="1.0" encoding="UTF-8" ?>
<testsuites>
  <testsuite failures="0" hostname="Ravindras-MacBook-Pro-2.local" id="0" name="TestProject/tests" package="" skipped="0" tests="1" time="47.193" timestamp="Mon Dec 17 21:50:05 IST 2018">
	    <properties>
		      <property name="excludeCallableTestCases" value="true" />

		      <property name="testEnvironment" value="" />

		      <property name="pluginOutputLevel" value="WARNING" />

		      <property name="projectPath" value=".." />

		      <property name="salesforceMetadataCache" value="Reuse" />

		      <property name="resultsPathDisposition" value="Increment" />

		      <property name="testOutputLevel" value="WARNING" />

		      <property name="webBrowserType" value="Google Chrome" />

		      <property name="resultsPath" value="../ANT/Results" />

		      <property name="webBrowserConfiguration" value="Full Screen" />

		      <property name="projectCachePath" value="/Users/ravindrayadav/Documents/WorkSpaces/ZAPIOnly/TestProject/ANT/../../.provarCaches" />

	    </properties>

	    <testcase classname="tests/ZAPI/Clone All Test Cycles.testcase" name="Clone All Test Cycles.testcase" time="47.192">
	</testcase>

  </testsuite>
</testsuites>
