<?xml version="1.0" encoding="UTF-8" ?>
<testsuites>
  <testsuite failures="1" hostname="Ravindras-MacBook-Pro-2.local" id="0" name="TestProject/tests" package="" skipped="0" tests="1" time="2.339" timestamp="Tue Dec 11 10:34:27 IST 2018">
	    <properties>
		      <property name="excludeCallableTestCases" value="true" />

		      <property name="testEnvironment" value="" />

		      <property name="pluginOutputLevel" value="WARNING" />

		      <property name="projectPath" value=".." />

		      <property name="salesforceMetadataCache" value="Reuse" />

		      <property name="resultsPathDisposition" value="Increment" />

		      <property name="testOutputLevel" value="WARNING" />

		      <property name="webBrowserType" value="Google Chrome" />

		      <property name="resultsPath" value="../ANT/Results" />

		      <property name="webBrowserConfiguration" value="Full Screen" />

		      <property name="projectCachePath" value="/Users/ravindrayadav/Documents/WorkSpaces/ZAPIOnly/TestProject/ANT/../../.provarCaches" />

	    </properties>

	    <testcase classname="tests/ZAPI/Clone All Test Cycles.testcase" name="Clone All Test Cycles.testcase" time="2.338">
		      <failure message="Execution failed"><![CDATA[[URISyntaxException: Illegal character in query at index 90: https://prod-api.zephyr4jiracloud.com/connect/public/rest/api/1.0/cycle?clonedCycleId=Smax release]]]></failure>

	    </testcase>

  </testsuite>
</testsuites>
